{'loss': 1.2491, 'learning_rate': 9.999334221038615e-06, 'epoch': 0.0}
{'loss': 1.2459, 'learning_rate': 9.998668442077231e-06, 'epoch': 0.0}
{'loss': 1.1857, 'learning_rate': 9.998002663115847e-06, 'epoch': 0.0}
{'loss': 1.2433, 'learning_rate': 9.997336884154461e-06, 'epoch': 0.0}
{'loss': 0.9919, 'learning_rate': 9.996671105193077e-06, 'epoch': 0.0}
{'loss': 1.1167, 'learning_rate': 9.996005326231691e-06, 'epoch': 0.0}
{'loss': 1.1271, 'learning_rate': 9.995339547270307e-06, 'epoch': 0.0}
{'loss': 1.1789, 'learning_rate': 9.994673768308923e-06, 'epoch': 0.01}
{'loss': 0.671, 'learning_rate': 9.994007989347537e-06, 'epoch': 0.01}
{'loss': 0.9199, 'learning_rate': 9.993342210386151e-06, 'epoch': 0.01}
{'loss': 0.9321, 'learning_rate': 9.992676431424767e-06, 'epoch': 0.01}
{'loss': 0.7274, 'learning_rate': 9.992010652463383e-06, 'epoch': 0.01}
{'loss': 0.7647, 'learning_rate': 9.991344873501997e-06, 'epoch': 0.01}
{'loss': 0.7783, 'learning_rate': 9.990679094540613e-06, 'epoch': 0.01}
{'loss': 0.7051, 'learning_rate': 9.99001331557923e-06, 'epoch': 0.01}
{'loss': 0.7952, 'learning_rate': 9.989347536617843e-06, 'epoch': 0.01}
{'loss': 0.5733, 'learning_rate': 9.98868175765646e-06, 'epoch': 0.01}
{'loss': 0.7047, 'learning_rate': 9.988015978695074e-06, 'epoch': 0.01}
{'loss': 0.8237, 'learning_rate': 9.98735019973369e-06, 'epoch': 0.01}
{'loss': 0.7727, 'learning_rate': 9.986684420772305e-06, 'epoch': 0.01}
{'loss': 0.8313, 'learning_rate': 9.98601864181092e-06, 'epoch': 0.01}
{'loss': 0.646, 'learning_rate': 9.985352862849534e-06, 'epoch': 0.01}
{'loss': 0.7169, 'learning_rate': 9.98468708388815e-06, 'epoch': 0.02}
{'loss': 0.6243, 'learning_rate': 9.984021304926766e-06, 'epoch': 0.02}
{'loss': 0.8913, 'learning_rate': 9.98335552596538e-06, 'epoch': 0.02}
{'loss': 0.615, 'learning_rate': 9.982689747003996e-06, 'epoch': 0.02}
{'loss': 0.7005, 'learning_rate': 9.982023968042612e-06, 'epoch': 0.02}
{'loss': 0.73, 'learning_rate': 9.981358189081226e-06, 'epoch': 0.02}
{'loss': 0.6876, 'learning_rate': 9.980692410119842e-06, 'epoch': 0.02}
{'loss': 0.666, 'learning_rate': 9.980026631158456e-06, 'epoch': 0.02}
{'loss': 0.6537, 'learning_rate': 9.97936085219707e-06, 'epoch': 0.02}
{'loss': 0.6557, 'learning_rate': 9.978695073235686e-06, 'epoch': 0.02}
{'loss': 0.6379, 'learning_rate': 9.978029294274302e-06, 'epoch': 0.02}
{'loss': 0.6002, 'learning_rate': 9.977363515312916e-06, 'epoch': 0.02}
{'loss': 0.6177, 'learning_rate': 9.976697736351532e-06, 'epoch': 0.02}
{'loss': 0.5307, 'learning_rate': 9.976031957390148e-06, 'epoch': 0.02}
{'loss': 0.5914, 'learning_rate': 9.975366178428762e-06, 'epoch': 0.02}
{'loss': 0.6288, 'learning_rate': 9.974700399467378e-06, 'epoch': 0.03}
{'loss': 0.586, 'learning_rate': 9.974034620505992e-06, 'epoch': 0.03}
{'loss': 0.6767, 'learning_rate': 9.973368841544608e-06, 'epoch': 0.03}
{'loss': 0.6959, 'learning_rate': 9.972703062583223e-06, 'epoch': 0.03}
{'loss': 0.5151, 'learning_rate': 9.972037283621838e-06, 'epoch': 0.03}
{'loss': 0.5767, 'learning_rate': 9.971371504660453e-06, 'epoch': 0.03}
{'loss': 0.5709, 'learning_rate': 9.970705725699069e-06, 'epoch': 0.03}
{'loss': 0.5644, 'learning_rate': 9.970039946737684e-06, 'epoch': 0.03}
{'loss': 0.6834, 'learning_rate': 9.969374167776299e-06, 'epoch': 0.03}
{'loss': 0.6109, 'learning_rate': 9.968708388814915e-06, 'epoch': 0.03}
{'loss': 0.7585, 'learning_rate': 9.96804260985353e-06, 'epoch': 0.03}
{'loss': 0.5029, 'learning_rate': 9.967376830892145e-06, 'epoch': 0.03}
{'loss': 0.6485, 'learning_rate': 9.966711051930759e-06, 'epoch': 0.03}
{'loss': 0.6258, 'learning_rate': 9.966045272969375e-06, 'epoch': 0.03}
{'loss': 0.6378, 'learning_rate': 9.96537949400799e-06, 'epoch': 0.03}
{'loss': 0.5928, 'learning_rate': 9.964713715046605e-06, 'epoch': 0.04}
{'loss': 0.5447, 'learning_rate': 9.964047936085221e-06, 'epoch': 0.04}
{'loss': 0.6057, 'learning_rate': 9.963382157123835e-06, 'epoch': 0.04}
{'loss': 0.5437, 'learning_rate': 9.962716378162451e-06, 'epoch': 0.04}
{'loss': 0.5371, 'learning_rate': 9.962050599201067e-06, 'epoch': 0.04}
{'loss': 0.5817, 'learning_rate': 9.961384820239681e-06, 'epoch': 0.04}
{'loss': 0.524, 'learning_rate': 9.960719041278295e-06, 'epoch': 0.04}
{'loss': 0.4989, 'learning_rate': 9.960053262316911e-06, 'epoch': 0.04}
{'loss': 0.5758, 'learning_rate': 9.959387483355527e-06, 'epoch': 0.04}
{'loss': 0.5624, 'learning_rate': 9.958721704394141e-06, 'epoch': 0.04}
{'loss': 0.5634, 'learning_rate': 9.958055925432757e-06, 'epoch': 0.04}
{'loss': 0.5438, 'learning_rate': 9.957390146471371e-06, 'epoch': 0.04}
{'loss': 0.5249, 'learning_rate': 9.956724367509987e-06, 'epoch': 0.04}
{'loss': 0.4842, 'learning_rate': 9.956058588548603e-06, 'epoch': 0.04}
{'loss': 0.4696, 'learning_rate': 9.955392809587218e-06, 'epoch': 0.04}
{'loss': 0.5225, 'learning_rate': 9.954727030625832e-06, 'epoch': 0.05}
{'loss': 0.4782, 'learning_rate': 9.95406125166445e-06, 'epoch': 0.05}
{'loss': 0.6182, 'learning_rate': 9.953395472703064e-06, 'epoch': 0.05}
{'loss': 0.6173, 'learning_rate': 9.952729693741678e-06, 'epoch': 0.05}
{'loss': 0.5175, 'learning_rate': 9.952063914780294e-06, 'epoch': 0.05}
{'loss': 0.7285, 'learning_rate': 9.95139813581891e-06, 'epoch': 0.05}
{'loss': 0.6198, 'learning_rate': 9.950732356857524e-06, 'epoch': 0.05}
{'loss': 0.5759, 'learning_rate': 9.95006657789614e-06, 'epoch': 0.05}
{'loss': 0.5132, 'learning_rate': 9.949400798934754e-06, 'epoch': 0.05}
{'loss': 0.5199, 'learning_rate': 9.94873501997337e-06, 'epoch': 0.05}
{'loss': 0.5324, 'learning_rate': 9.948069241011986e-06, 'epoch': 0.05}
{'loss': 0.7181, 'learning_rate': 9.9474034620506e-06, 'epoch': 0.05}
{'loss': 0.631, 'learning_rate': 9.946737683089214e-06, 'epoch': 0.05}
{'loss': 0.508, 'learning_rate': 9.94607190412783e-06, 'epoch': 0.05}
{'loss': 0.6386, 'learning_rate': 9.945406125166446e-06, 'epoch': 0.05}
{'loss': 0.5605, 'learning_rate': 9.94474034620506e-06, 'epoch': 0.06}
{'loss': 0.5128, 'learning_rate': 9.944074567243676e-06, 'epoch': 0.06}
{'loss': 0.5787, 'learning_rate': 9.943408788282292e-06, 'epoch': 0.06}
{'loss': 0.4655, 'learning_rate': 9.942743009320906e-06, 'epoch': 0.06}
{'loss': 0.5077, 'learning_rate': 9.942077230359522e-06, 'epoch': 0.06}
{'loss': 0.5267, 'learning_rate': 9.941411451398136e-06, 'epoch': 0.06}
{'loss': 0.4746, 'learning_rate': 9.94074567243675e-06, 'epoch': 0.06}
{'loss': 0.6867, 'learning_rate': 9.940079893475366e-06, 'epoch': 0.06}
{'loss': 0.637, 'learning_rate': 9.939414114513982e-06, 'epoch': 0.06}
{'loss': 0.6805, 'learning_rate': 9.938748335552597e-06, 'epoch': 0.06}
{'loss': 0.4422, 'learning_rate': 9.938082556591212e-06, 'epoch': 0.06}
{'loss': 0.5529, 'learning_rate': 9.937416777629828e-06, 'epoch': 0.06}
{'loss': 0.4616, 'learning_rate': 9.936750998668443e-06, 'epoch': 0.06}
{'loss': 0.4047, 'learning_rate': 9.936085219707059e-06, 'epoch': 0.06}
{'loss': 0.536, 'learning_rate': 9.935419440745673e-06, 'epoch': 0.06}
{'loss': 0.5617, 'learning_rate': 9.934753661784289e-06, 'epoch': 0.07}
{'loss': 0.4661, 'learning_rate': 9.934087882822903e-06, 'epoch': 0.07}
{'loss': 0.5303, 'learning_rate': 9.933422103861519e-06, 'epoch': 0.07}
{'loss': 0.5371, 'learning_rate': 9.932756324900133e-06, 'epoch': 0.07}
{'loss': 0.4384, 'learning_rate': 9.932090545938749e-06, 'epoch': 0.07}
{'loss': 0.3864, 'learning_rate': 9.931424766977365e-06, 'epoch': 0.07}
{'loss': 0.5447, 'learning_rate': 9.930758988015979e-06, 'epoch': 0.07}
{'loss': 0.4995, 'learning_rate': 9.930093209054595e-06, 'epoch': 0.07}
{'loss': 0.6469, 'learning_rate': 9.92942743009321e-06, 'epoch': 0.07}
{'loss': 0.5746, 'learning_rate': 9.928761651131825e-06, 'epoch': 0.07}
{'loss': 0.5487, 'learning_rate': 9.928095872170441e-06, 'epoch': 0.07}
{'loss': 0.4976, 'learning_rate': 9.927430093209055e-06, 'epoch': 0.07}
{'loss': 0.4402, 'learning_rate': 9.926764314247671e-06, 'epoch': 0.07}
{'loss': 0.4423, 'learning_rate': 9.926098535286285e-06, 'epoch': 0.07}
{'loss': 0.4214, 'learning_rate': 9.925432756324901e-06, 'epoch': 0.07}
{'loss': 0.5268, 'learning_rate': 9.924766977363515e-06, 'epoch': 0.08}
{'loss': 0.4633, 'learning_rate': 9.924101198402131e-06, 'epoch': 0.08}
{'loss': 0.476, 'learning_rate': 9.923435419440747e-06, 'epoch': 0.08}
{'loss': 0.4915, 'learning_rate': 9.922769640479361e-06, 'epoch': 0.08}
{'loss': 0.4529, 'learning_rate': 9.922103861517977e-06, 'epoch': 0.08}
{'loss': 0.4158, 'learning_rate': 9.921438082556593e-06, 'epoch': 0.08}
{'loss': 0.5169, 'learning_rate': 9.920772303595207e-06, 'epoch': 0.08}
{'loss': 0.4211, 'learning_rate': 9.920106524633822e-06, 'epoch': 0.08}
{'loss': 0.4831, 'learning_rate': 9.919440745672438e-06, 'epoch': 0.08}
{'loss': 0.5462, 'learning_rate': 9.918774966711052e-06, 'epoch': 0.08}
{'loss': 0.4092, 'learning_rate': 9.918109187749668e-06, 'epoch': 0.08}
{'loss': 0.5888, 'learning_rate': 9.917443408788284e-06, 'epoch': 0.08}
{'loss': 0.5372, 'learning_rate': 9.916777629826898e-06, 'epoch': 0.08}
{
  "model_name": "checkpoint-125",
  "batch_size": 48,
  "source_file": "data/conala-modified/conala_nl_modified.txt",
  "target_file": "data/conala/python_manual_firstpara.tok.txt",
  "source_embed_save_file": "models/retriever/docprompting_enhanced_python_doc_retriever/tmp_eval/src_embedding",
  "target_embed_save_file": "models/retriever/docprompting_enhanced_python_doc_retriever/tmp_eval/tgt_embedding",
  "save_file": "models/retriever/docprompting_enhanced_python_doc_retriever/tmp_eval/result_file_125.json",
  "top_k": 200,
  "cpu": false,
  "pooler": "cls",
  "log_level": "non",
  "nl_cm_folder": "data/conala/nl.cm",
  "sim_func": "cls_distance.cosine",
  "num_layers": 12,
  "origin_mode": false,
  "oracle_eval_file": "data/conala/cmd_dev.oracle_man.full.json",
  "eval_hit": false,
  "normalize_embed": false,
  "source_idx_file": "data/conala-modified/conala_nl_modified.id",
  "target_idx_file": "data/conala/python_manual_firstpara.tok.id"
}
number of sentences in data/conala-modified/conala_nl_modified.txt: 3112
done embedding: (3112, 768)
number of sentences in data/conala/python_manual_firstpara.tok.txt: 30755
done embedding: (30755, 768)
source: models/retriever/docprompting_enhanced_python_doc_retriever/tmp_eval/src_embedding, target: models/retriever/docprompting_enhanced_python_doc_retriever/tmp_eval/tgt_embedding
source id: data/conala-modified/conala_nl_modified.id, target id: data/conala/python_manual_firstpara.tok.id
